<?xml version="1.0" encoding="UTF-8"?>
<!-- Generated by org.testng.reporters.JUnitReportReporter -->
<testsuite hostname="DESKTOP-5MPUUTT" failures="0" tests="8" name="unitTestModule.UnitTest_LanguageToQualification" time="47.863" errors="0" timestamp="2023-10-16T16:27:35 SGT" skipped="0">
  <testcase classname="unitTestModule.UnitTest_LanguageToQualification" name="Add_Admin_Language" time="11.683"/>
  <testcase classname="unitTestModule.UnitTest_LanguageToQualification" name="verifyInput_Admin_Language" time="4.645"/>
  <testcase classname="unitTestModule.UnitTest_LanguageToQualification" name="updateAndVerify_Admin_Language" time="5.595"/>
  <testcase classname="unitTestModule.UnitTest_LanguageToQualification" name="verifyDelete_Admin_Language" time="4.324"/>
  <testcase classname="unitTestModule.UnitTest_LanguageToQualification" name="Add_Admin_Qualifications" time="3.361"/>
  <testcase classname="unitTestModule.UnitTest_LanguageToQualification" name="verifyInput_Admin_Qualifications" time="4.663"/>
  <testcase classname="unitTestModule.UnitTest_LanguageToQualification" name="updateAndVerify_Admin_Qualifications" time="9.324"/>
  <testcase classname="unitTestModule.UnitTest_LanguageToQualification" name="delete_Admin_Qualifications" time="4.268"/>
</testsuite> <!-- unitTestModule.UnitTest_LanguageToQualification -->
